[debug] [2026-04-13T05:22:23.702Z] ----------------------------------------------------------------------
[debug] [2026-04-13T05:22:23.705Z] Command:       C:\Program Files\nodejs\node.exe C:\Users\At\AppData\Local\npm-cache\_npx\ba4f1959e38407b5\node_modules\firebase-tools\lib\bin\firebase.js init dataconnect --project demo-no-project
[debug] [2026-04-13T05:22:23.706Z] CLI Version:   15.14.0
[debug] [2026-04-13T05:22:23.706Z] Platform:      win32
[debug] [2026-04-13T05:22:23.706Z] Node Version:  v24.12.0
[debug] [2026-04-13T05:22:23.706Z] Time:          Mon Apr 13 2026 10:22:23 GMT+0500 (Pakistan Standard Time)
[debug] [2026-04-13T05:22:23.706Z] ----------------------------------------------------------------------
[debug] 
[debug] [2026-04-13T05:22:23.708Z] >>> [apiv2][query] GET https://firebase-public.firebaseio.com/cli.json [none]
[info] 
     ######## #### ########  ######## ########     ###     ######  ########
     ##        ##  ##     ## ##       ##     ##  ##   ##  ##       ##
     ######    ##  ########  ######   ########  #########  ######  ######
     ##        ##  ##    ##  ##       ##     ## ##     ##       ## ##
     ##       #### ##     ## ######## ########  ##     ##  ######  ########

You're about to initialize a Firebase project in this directory:

  C:\Users\At\OneDrive\Desktop\portfolio

[debug] [2026-04-13T05:22:25.516Z] <<< [apiv2][status] GET https://firebase-public.firebaseio.com/cli.json 200
[debug] [2026-04-13T05:22:25.516Z] <<< [apiv2][body] GET https://firebase-public.firebaseio.com/cli.json {"cloudBuildErrorAfter":1594252800000,"cloudBuildWarnAfter":1590019200000,"defaultNode10After":1594252800000,"minVersion":"3.0.5","node8DeploysDisabledAfter":1613390400000,"node8RuntimeDisabledAfter":1615809600000,"node8WarnAfter":1600128000000}
[debug] [2026-04-13T05:57:08.911Z] ----------------------------------------------------------------------
[debug] [2026-04-13T05:57:08.913Z] Command:       C:\Program Files\nodejs\node.exe C:\Users\At\AppData\Local\npm-cache\_npx\ba4f1959e38407b5\node_modules\firebase-tools\lib\bin\firebase.js init dataconnect --project demo-no-project
[debug] [2026-04-13T05:57:08.913Z] CLI Version:   15.14.0
[debug] [2026-04-13T05:57:08.913Z] Platform:      win32
[debug] [2026-04-13T05:57:08.914Z] Node Version:  v24.12.0
[debug] [2026-04-13T05:57:08.914Z] Time:          Mon Apr 13 2026 10:57:08 GMT+0500 (Pakistan Standard Time)
[debug] [2026-04-13T05:57:08.914Z] ----------------------------------------------------------------------
[debug] 
[info] 
     ######## #### ########  ######## ########     ###     ######  ########
     ##        ##  ##     ## ##       ##     ##  ##   ##  ##       ##
     ######    ##  ########  ######   ########  #########  ######  ######
     ##        ##  ##    ##  ##       ##     ## ##     ##       ## ##
     ##       #### ##     ## ######## ########  ##     ##  ######  ########

You're about to initialize a Firebase project in this directory:

  C:\Users\At\OneDrive\Desktop\portfolio

[info] 
=== Project Setup
[info] 
[info] First, let's associate this project directory with a Firebase project.
[info] You can create multiple project aliases by running firebase use --add, 
[info] 
[info] Skipping Firebase project setup because a demo project is provided
[info] 
=== Dataconnect Setup
[info] +  dataconnect: Detected existing apps . (web) 
[info] +  Wrote dataconnect\dataconnect.yaml 
[info] +  Wrote dataconnect\seed_data.gql 
[info] +  Wrote dataconnect\schema\schema.gql 
[info] +  Wrote dataconnect\example\connector.yaml 
[info] +  Wrote dataconnect\example\queries.gql 
[info] +  Wrote dataconnect\example\mutations.gql 
[info] +  Wrote dataconnect\example\connector.yaml 
[info] i  dataconnect: Installing the generated SDKs ... 
[info] i  dataconnect: downloading dataconnect-emulator-3.4.1.exe... {"metadata":{"emulator":{"name":"dataconnect"},"message":"downloading dataconnect-emulator-3.4.1.exe..."}}
[debug] [2026-04-13T05:57:19.109Z] >>> [apiv2][query] GET https://storage.googleapis.com/firemat-preview-drop/emulator/dataconnect-emulator-windows-amd64-v3.4.1 
[debug] [2026-04-13T05:57:19.716Z] <<< [apiv2][status] GET https://storage.googleapis.com/firemat-preview-drop/emulator/dataconnect-emulator-windows-amd64-v3.4.1 200
[debug] [2026-04-13T05:57:19.717Z] <<< [apiv2][body] GET https://storage.googleapis.com/firemat-preview-drop/emulator/dataconnect-emulator-windows-amd64-v3.4.1 [stream]
[debug] [2026-04-13T05:57:25.751Z] defaultcredentials: writing to file C:\Users\At\AppData\Roaming\firebase\mehmoodrao35_gmail_com_application_default_credentials.json
[info] +  dataconnect: Installed generated SDKs for . (web) 
[info] i  Visit https://firebase.google.com/docs/data-connect/web-sdk#react for more information on how to set up React Generated SDKs for Firebase Data Connect 
[info] 
=== Agent Skills Setup
[info] If you are using an AI coding agent, Firebase Agent Skills make it an expert at Firebase.
